<?xml version="1.0" encoding="UTF-8"?>
<robot generator="Robot 7.0 (Python 3.10.12 on linux)" generated="2024-03-01T23:19:23.176386" rpa="false" schemaversion="5">
<suite id="s1" name="Example" source="/home/tigran/PycharmProjects/pythonProject3/example.robot">
<test id="s1-t1" name="Open Browser, Wait, and Verify Page Title" line="12">
<kw name="Open Browser" owner="SeleniumLibrary">
<msg time="2024-03-01T23:19:23.314561" level="INFO">Opening browser 'Chrome' to base url 'https://www.example.com'.</msg>
<arg>${URL}</arg>
<arg>${BROWSER}</arg>
<doc>Opens a new browser instance to the optional ``url``.</doc>
<status status="PASS" start="2024-03-01T23:19:23.314187" elapsed="1.567404"/>
</kw>
<kw name="Sleep" owner="BuiltIn">
<msg time="2024-03-01T23:19:29.883069" level="INFO">Slept 5 seconds.</msg>
<arg>5s</arg>
<doc>Pauses the test executed for the given time.</doc>
<status status="PASS" start="2024-03-01T23:19:24.882430" elapsed="5.000782"/>
</kw>
<kw name="Title Should Be" owner="SeleniumLibrary">
<msg time="2024-03-01T23:19:29.884444" level="FAIL">Variable '${Example Domain}' not found.</msg>
<arg>${Example Domain}</arg>
<doc>Verifies that the current page title equals ``title``.</doc>
<status status="FAIL" start="2024-03-01T23:19:29.883583" elapsed="0.000916">Variable '${Example Domain}' not found.</status>
</kw>
<kw name="Close Browser" owner="SeleniumLibrary">
<doc>Closes the current browser.</doc>
<status status="NOT RUN" start="2024-03-01T23:19:29.884739" elapsed="0.000037"/>
</kw>
<status status="FAIL" start="2024-03-01T23:19:23.313084" elapsed="6.571953">Variable '${Example Domain}' not found.</status>
</test>
<doc>This is a simple test case to open a web browser, wait for a few seconds, and then verify the page title.</doc>
<status status="FAIL" start="2024-03-01T23:19:23.177458" elapsed="6.708306"/>
</suite>
<statistics>
<total>
<stat pass="0" fail="1" skip="0">All Tests</stat>
</total>
<tag>
</tag>
<suite>
<stat pass="0" fail="1" skip="0" id="s1" name="Example">Example</stat>
</suite>
</statistics>
<errors>
<msg time="2024-03-01T23:19:23.177740" level="ERROR">Error in file '/home/tigran/PycharmProjects/pythonProject3/example.robot' on line 9: Setting variable '${EXPECTED TITLE} Example Domain' failed: Invalid variable name '${EXPECTED TITLE} Example Domain'.</msg>
</errors>
</robot>
